<?xml version="1.0" encoding="UTF-8"?>
<!-- Generated by org.testng.reporters.JUnitReportReporter -->
<testsuite hostname="DESKTOP-U5QV88L" failures="0" tests="5" name="MyTestCases" time="8.668" errors="0" timestamp="2024-12-31T00:11:21 EET" skipped="2">
  <testcase classname="MyTestCases" name="login" time="0.204"/>
  <system-out/>
  <testcase classname="MyTestCases" name="addLeftSideItems" time="2.083"/>
  <system-out/>
  <testcase classname="MyTestCases" name="checkout" time="6.381"/>
  <system-out/>
  <testcase classname="MyTestCases" name="AddItem">
    <skipped/>
  </testcase> <!-- AddItem -->
  <system-out/>
  <testcase classname="MyTestCases" name="AddRightItem">
    <skipped/>
  </testcase> <!-- AddRightItem -->
  <system-out/>
</testsuite> <!-- MyTestCases -->
